# JRE version: OpenJDK Runtime Environment Temurin-21.0.8+9 (21.0.8+9) (build 21.0.8+9-LTS)
# Java VM: OpenJDK 64-Bit Server VM Temurin-21.0.8+9 (21.0.8+9-LTS, mixed mode, sharing, tiered, compressed oops, compressed class ptrs, parallel gc, windows-amd64)
GC Precious Log:
 CardTable entry size: 512
 CPUs: 12 total, 12 available
 Memory: 16233M
 Large Page Support: Disabled
 NUMA Support: Disabled
 Compressed Oops: Enabled (32-bit)
 Alignments: Space 512K, Generation 512K, Heap 2M
 Heap Min Capacity: 100M
 Heap Initial Capacity: 100M
 Heap Max Capacity: 2G
 Pre-touch: Disabled
 Parallel Workers: 10
Heap:
 PSYoungGen      total 6144K, used 5814K [0x00000000d5580000, 0x00000000d6080000, 0x0000000100000000)
  eden space 5632K, 94% used [0x00000000d5580000,0x00000000d5ab1990,0x00000000d5b00000)
  from space 512K, 96% used [0x00000000d5f80000,0x00000000d5ffc030,0x00000000d6000000)
  to   space 512K, 0% used [0x00000000d6000000,0x00000000d6000000,0x00000000d6080000)
 ParOldGen       total 1263104K, used 1263084K [0x0000000080000000, 0x00000000cd180000, 0x00000000d5580000)
  object space 1263104K, 99% used [0x0000000080000000,0x00000000cd17b040,0x00000000cd180000)
 Metaspace       used 88412K, committed 90176K, reserved 1179648K
  class space    used 10396K, committed 11200K, reserved 1048576K
GC Heap History (20 events):
Event: 49590.675 GC heap before
{Heap before GC invocations=3527 (full 4):
 PSYoungGen      total 7168K, used 7168K [0x00000000d5580000, 0x00000000d6180000, 0x0000000100000000)
  eden space 4096K, 100% used [0x00000000d5580000,0x00000000d5980000,0x00000000d5980000)
  from space 3072K, 100% used [0x00000000d5980000,0x00000000d5c80000,0x00000000d5c80000)
  to   space 3584K, 0% used [0x00000000d5e00000,0x00000000d5e00000,0x00000000d6180000)
 ParOldGen       total 1247232K, used 1246786K [0x0000000080000000, 0x00000000cc200000, 0x00000000d5580000)
  object space 1247232K, 99% used [0x0000000080000000,0x00000000cc190838,0x00000000cc200000)
 Metaspace       used 87980K, committed 89728K, reserved 1179648K
  class space    used 10336K, committed 11136K, reserved 1048576K
}
Event: 49590.682 GC heap after
{Heap after GC invocations=3527 (full 4):
 PSYoungGen      total 8192K, used 3584K [0x00000000d5580000, 0x00000000d6280000, 0x0000000100000000)
  eden space 4608K, 0% used [0x00000000d5580000,0x00000000d5580000,0x00000000d5a00000)
  from space 3584K, 100% used [0x00000000d5e00000,0x00000000d6180000,0x00000000d6180000)
  to   space 4096K, 0% used [0x00000000d5a00000,0x00000000d5a00000,0x00000000d5e00000)
 ParOldGen       total 1249792K, used 1249770K [0x0000000080000000, 0x00000000cc480000, 0x00000000d5580000)
  object space 1249792K, 99% used [0x0000000080000000,0x00000000cc47a878,0x00000000cc480000)
 Metaspace       used 87980K, committed 89728K, reserved 1179648K
  class space    used 10336K, committed 11136K, reserved 1048576K
}
Event: 49590.711 GC heap before
{Heap before GC invocations=3528 (full 4):
 PSYoungGen      total 8192K, used 8191K [0x00000000d5580000, 0x00000000d6280000, 0x0000000100000000)
  eden space 4608K, 99% used [0x00000000d5580000,0x00000000d59ffd28,0x00000000d5a00000)
  from space 3584K, 100% used [0x00000000d5e00000,0x00000000d6180000,0x00000000d6180000)
  to   space 4096K, 0% used [0x00000000d5a00000,0x00000000d5a00000,0x00000000d5e00000)
 ParOldGen       total 1249792K, used 1249770K [0x0000000080000000, 0x00000000cc480000, 0x00000000d5580000)
  object space 1249792K, 99% used [0x0000000080000000,0x00000000cc47a878,0x00000000cc480000)
 Metaspace       used 88004K, committed 89728K, reserved 1179648K
  class space    used 10339K, committed 11136K, reserved 1048576K
}
Event: 49590.721 GC heap after
{Heap after GC invocations=3528 (full 4):
 PSYoungGen      total 8704K, used 3718K [0x00000000d5580000, 0x00000000d6300000, 0x0000000100000000)
  eden space 4608K, 0% used [0x00000000d5580000,0x00000000d5580000,0x00000000d5a00000)
  from space 4096K, 90% used [0x00000000d5a00000,0x00000000d5da1800,0x00000000d5e00000)
  to   space 4096K, 0% used [0x00000000d5f00000,0x00000000d5f00000,0x00000000d6300000)
 ParOldGen       total 1253376K, used 1253226K [0x0000000080000000, 0x00000000cc800000, 0x00000000d5580000)
  object space 1253376K, 99% used [0x0000000080000000,0x00000000cc7da878,0x00000000cc800000)
 Metaspace       used 88004K, committed 89728K, reserved 1179648K
  class space    used 10339K, committed 11136K, reserved 1048576K
}
Event: 49590.943 GC heap before
{Heap before GC invocations=3529 (full 4):
 PSYoungGen      total 8704K, used 8124K [0x00000000d5580000, 0x00000000d6300000, 0x0000000100000000)
  eden space 4608K, 95% used [0x00000000d5580000,0x00000000d59cd8c0,0x00000000d5a00000)
  from space 4096K, 90% used [0x00000000d5a00000,0x00000000d5da1800,0x00000000d5e00000)
  to   space 4096K, 0% used [0x00000000d5f00000,0x00000000d5f00000,0x00000000d6300000)
 ParOldGen       total 1253376K, used 1253226K [0x0000000080000000, 0x00000000cc800000, 0x00000000d5580000)
  object space 1253376K, 99% used [0x0000000080000000,0x00000000cc7da878,0x00000000cc800000)
 Metaspace       used 88232K, committed 89920K, reserved 1179648K
  class space    used 10389K, committed 11136K, reserved 1048576K
}
Event: 49590.949 GC heap after
{Heap after GC invocations=3529 (full 4):
 PSYoungGen      total 7168K, used 1200K [0x00000000d5580000, 0x00000000d6080000, 0x0000000100000000)
  eden space 5632K, 0% used [0x00000000d5580000,0x00000000d5580000,0x00000000d5b00000)
  from space 1536K, 78% used [0x00000000d5f00000,0x00000000d602c000,0x00000000d6080000)
  to   space 2560K, 0% used [0x00000000d5b80000,0x00000000d5b80000,0x00000000d5e00000)
 ParOldGen       total 1256960K, used 1256801K [0x0000000080000000, 0x00000000ccb80000, 0x00000000d5580000)
  object space 1256960K, 99% used [0x0000000080000000,0x00000000ccb58628,0x00000000ccb80000)
 Metaspace       used 88232K, committed 89920K, reserved 1179648K
  class space    used 10389K, committed 11136K, reserved 1048576K
}
Event: 49591.245 GC heap before
{Heap before GC invocations=3530 (full 4):
 PSYoungGen      total 7168K, used 6832K [0x00000000d5580000, 0x00000000d6080000, 0x0000000100000000)
  eden space 5632K, 100% used [0x00000000d5580000,0x00000000d5b00000,0x00000000d5b00000)
  from space 1536K, 78% used [0x00000000d5f00000,0x00000000d602c000,0x00000000d6080000)
  to   space 2560K, 0% used [0x00000000d5b80000,0x00000000d5b80000,0x00000000d5e00000)
 ParOldGen       total 1256960K, used 1256801K [0x0000000080000000, 0x00000000ccb80000, 0x00000000d5580000)
  object space 1256960K, 99% used [0x0000000080000000,0x00000000ccb58628,0x00000000ccb80000)
 Metaspace       used 88232K, committed 89920K, reserved 1179648K
  class space    used 10389K, committed 11136K, reserved 1048576K
}
Event: 49591.252 GC heap after
{Heap after GC invocations=3530 (full 4):
 PSYoungGen      total 8192K, used 2560K [0x00000000d5580000, 0x00000000d6600000, 0x0000000100000000)
  eden space 5632K, 0% used [0x00000000d5580000,0x00000000d5580000,0x00000000d5b00000)
  from space 2560K, 100% used [0x00000000d5b80000,0x00000000d5e00000,0x00000000d5e00000)
  to   space 5632K, 0% used [0x00000000d6080000,0x00000000d6080000,0x00000000d6600000)
 ParOldGen       total 1259008K, used 1258953K [0x0000000080000000, 0x00000000ccd80000, 0x00000000d5580000)
  object space 1259008K, 99% used [0x0000000080000000,0x00000000ccd72628,0x00000000ccd80000)
 Metaspace       used 88232K, committed 89920K, reserved 1179648K
  class space    used 10389K, committed 11136K, reserved 1048576K
}
Event: 49591.460 GC heap before
{Heap before GC invocations=3531 (full 4):
 PSYoungGen      total 8192K, used 8192K [0x00000000d5580000, 0x00000000d6600000, 0x0000000100000000)
  eden space 5632K, 100% used [0x00000000d5580000,0x00000000d5b00000,0x00000000d5b00000)
  from space 2560K, 100% used [0x00000000d5b80000,0x00000000d5e00000,0x00000000d5e00000)
  to   space 5632K, 0% used [0x00000000d6080000,0x00000000d6080000,0x00000000d6600000)
 ParOldGen       total 1259008K, used 1258953K [0x0000000080000000, 0x00000000ccd80000, 0x00000000d5580000)
  object space 1259008K, 99% used [0x0000000080000000,0x00000000ccd72628,0x00000000ccd80000)
 Metaspace       used 88237K, committed 89920K, reserved 1179648K
  class space    used 10389K, committed 11136K, reserved 1048576K
}
Event: 49591.466 GC heap after
{Heap after GC invocations=3531 (full 4):
 PSYoungGen      total 7168K, used 1216K [0x00000000d5580000, 0x00000000d6200000, 0x0000000100000000)
  eden space 5632K, 0% used [0x00000000d5580000,0x00000000d5580000,0x00000000d5b00000)
  from space 1536K, 79% used [0x00000000d6080000,0x00000000d61b0000,0x00000000d6200000)
  to   space 2560K, 0% used [0x00000000d5d00000,0x00000000d5d00000,0x00000000d5f80000)
 ParOldGen       total 1262080K, used 1261537K [0x0000000080000000, 0x00000000cd080000, 0x00000000d5580000)
  object space 1262080K, 99% used [0x0000000080000000,0x00000000ccff8628,0x00000000cd080000)
 Metaspace       used 88237K, committed 89920K, reserved 1179648K
  class space    used 10389K, committed 11136K, reserved 1048576K
}
Event: 49591.585 GC heap before
{Heap before GC invocations=3532 (full 4):
 PSYoungGen      total 7168K, used 6848K [0x00000000d5580000, 0x00000000d6200000, 0x0000000100000000)
  eden space 5632K, 100% used [0x00000000d5580000,0x00000000d5b00000,0x00000000d5b00000)
  from space 1536K, 79% used [0x00000000d6080000,0x00000000d61b0000,0x00000000d6200000)
  to   space 2560K, 0% used [0x00000000d5d00000,0x00000000d5d00000,0x00000000d5f80000)
 ParOldGen       total 1262080K, used 1261537K [0x0000000080000000, 0x00000000cd080000, 0x00000000d5580000)
  object space 1262080K, 99% used [0x0000000080000000,0x00000000ccff8628,0x00000000cd080000)
 Metaspace       used 88245K, committed 89920K, reserved 1179648K
  class space    used 10389K, committed 11136K, reserved 1048576K
}
Event: 49591.589 GC heap after
{Heap after GC invocations=3532 (full 4):
 PSYoungGen      total 8192K, used 160K [0x00000000d5580000, 0x00000000d6100000, 0x0000000100000000)
  eden space 5632K, 0% used [0x00000000d5580000,0x00000000d5580000,0x00000000d5b00000)
  from space 2560K, 6% used [0x00000000d5d00000,0x00000000d5d28000,0x00000000d5f80000)
  to   space 1024K, 0% used [0x00000000d6000000,0x00000000d6000000,0x00000000d6100000)
 ParOldGen       total 1262592K, used 1262569K [0x0000000080000000, 0x00000000cd100000, 0x00000000d5580000)
  object space 1262592K, 99% used [0x0000000080000000,0x00000000cd0fa638,0x00000000cd100000)
 Metaspace       used 88245K, committed 89920K, reserved 1179648K
  class space    used 10389K, committed 11136K, reserved 1048576K
}
Event: 49591.674 GC heap before
{Heap before GC invocations=3533 (full 4):
 PSYoungGen      total 8192K, used 5792K [0x00000000d5580000, 0x00000000d6100000, 0x0000000100000000)
  eden space 5632K, 100% used [0x00000000d5580000,0x00000000d5b00000,0x00000000d5b00000)
  from space 2560K, 6% used [0x00000000d5d00000,0x00000000d5d28000,0x00000000d5f80000)
  to   space 1024K, 0% used [0x00000000d6000000,0x00000000d6000000,0x00000000d6100000)
 ParOldGen       total 1262592K, used 1262569K [0x0000000080000000, 0x00000000cd100000, 0x00000000d5580000)
  object space 1262592K, 99% used [0x0000000080000000,0x00000000cd0fa638,0x00000000cd100000)
 Metaspace       used 88263K, committed 89984K, reserved 1179648K
  class space    used 10389K, committed 11136K, reserved 1048576K
}
Event: 49591.677 GC heap after
{Heap after GC invocations=3533 (full 4):
 PSYoungGen      total 6144K, used 320K [0x00000000d5580000, 0x00000000d6080000, 0x0000000100000000)
  eden space 5632K, 0% used [0x00000000d5580000,0x00000000d5580000,0x00000000d5b00000)
  from space 512K, 62% used [0x00000000d6000000,0x00000000d6050000,0x00000000d6080000)
  to   space 512K, 0% used [0x00000000d5f80000,0x00000000d5f80000,0x00000000d6000000)
 ParOldGen       total 1263104K, used 1262633K [0x0000000080000000, 0x00000000cd180000, 0x00000000d5580000)
  object space 1263104K, 99% used [0x0000000080000000,0x00000000cd10a638,0x00000000cd180000)
 Metaspace       used 88263K, committed 89984K, reserved 1179648K
  class space    used 10389K, committed 11136K, reserved 1048576K
}
Event: 49591.730 GC heap before
{Heap before GC invocations=3534 (full 4):
 PSYoungGen      total 6144K, used 5952K [0x00000000d5580000, 0x00000000d6080000, 0x0000000100000000)
  eden space 5632K, 100% used [0x00000000d5580000,0x00000000d5b00000,0x00000000d5b00000)
  from space 512K, 62% used [0x00000000d6000000,0x00000000d6050000,0x00000000d6080000)
  to   space 512K, 0% used [0x00000000d5f80000,0x00000000d5f80000,0x00000000d6000000)
 ParOldGen       total 1263104K, used 1262633K [0x0000000080000000, 0x00000000cd180000, 0x00000000d5580000)
  object space 1263104K, 99% used [0x0000000080000000,0x00000000cd10a638,0x00000000cd180000)
 Metaspace       used 88263K, committed 89984K, reserved 1179648K
  class space    used 10389K, committed 11136K, reserved 1048576K
}
Event: 49591.732 GC heap after
{Heap after GC invocations=3534 (full 4):
 PSYoungGen      total 6144K, used 224K [0x00000000d5580000, 0x00000000d6080000, 0x0000000100000000)
  eden space 5632K, 0% used [0x00000000d5580000,0x00000000d5580000,0x00000000d5b00000)
  from space 512K, 43% used [0x00000000d5f80000,0x00000000d5fb8000,0x00000000d6000000)
  to   space 512K, 0% used [0x00000000d6000000,0x00000000d6000000,0x00000000d6080000)
 ParOldGen       total 1263104K, used 1262681K [0x0000000080000000, 0x00000000cd180000, 0x00000000d5580000)
  object space 1263104K, 99% used [0x0000000080000000,0x00000000cd116638,0x00000000cd180000)
 Metaspace       used 88263K, committed 89984K, reserved 1179648K
  class space    used 10389K, committed 11136K, reserved 1048576K
}
Event: 49612.207 GC heap before
{Heap before GC invocations=3535 (full 4):
 PSYoungGen      total 6144K, used 5856K [0x00000000d5580000, 0x00000000d6080000, 0x0000000100000000)
  eden space 5632K, 100% used [0x00000000d5580000,0x00000000d5b00000,0x00000000d5b00000)
  from space 512K, 43% used [0x00000000d5f80000,0x00000000d5fb8000,0x00000000d6000000)
  to   space 512K, 0% used [0x00000000d6000000,0x00000000d6000000,0x00000000d6080000)
 ParOldGen       total 1263104K, used 1262681K [0x0000000080000000, 0x00000000cd180000, 0x00000000d5580000)
  object space 1263104K, 99% used [0x0000000080000000,0x00000000cd116638,0x00000000cd180000)
 Metaspace       used 88273K, committed 90048K, reserved 1179648K
  class space    used 10392K, committed 11200K, reserved 1048576K
}
Event: 49612.209 GC heap after
{Heap after GC invocations=3535 (full 4):
 PSYoungGen      total 6144K, used 288K [0x00000000d5580000, 0x00000000d6080000, 0x0000000100000000)
  eden space 5632K, 0% used [0x00000000d5580000,0x00000000d5580000,0x00000000d5b00000)
  from space 512K, 56% used [0x00000000d6000000,0x00000000d6048000,0x00000000d6080000)
  to   space 512K, 0% used [0x00000000d5f80000,0x00000000d5f80000,0x00000000d6000000)
 ParOldGen       total 1263104K, used 1262713K [0x0000000080000000, 0x00000000cd180000, 0x00000000d5580000)
  object space 1263104K, 99% used [0x0000000080000000,0x00000000cd11e638,0x00000000cd180000)
 Metaspace       used 88273K, committed 90048K, reserved 1179648K
  class space    used 10392K, committed 11200K, reserved 1048576K
}
Event: 49890.272 GC heap before
{Heap before GC invocations=3536 (full 4):
 PSYoungGen      total 6144K, used 5920K [0x00000000d5580000, 0x00000000d6080000, 0x0000000100000000)
  eden space 5632K, 100% used [0x00000000d5580000,0x00000000d5b00000,0x00000000d5b00000)
  from space 512K, 56% used [0x00000000d6000000,0x00000000d6048000,0x00000000d6080000)
  to   space 512K, 0% used [0x00000000d5f80000,0x00000000d5f80000,0x00000000d6000000)
 ParOldGen       total 1263104K, used 1262713K [0x0000000080000000, 0x00000000cd180000, 0x00000000d5580000)
  object space 1263104K, 99% used [0x0000000080000000,0x00000000cd11e638,0x00000000cd180000)
 Metaspace       used 88322K, committed 90112K, reserved 1179648K
  class space    used 10396K, committed 11200K, reserved 1048576K
}
Event: 49890.276 GC heap after
{Heap after GC invocations=3536 (full 4):
 PSYoungGen      total 6144K, used 496K [0x00000000d5580000, 0x00000000d6080000, 0x0000000100000000)
  eden space 5632K, 0% used [0x00000000d5580000,0x00000000d5580000,0x00000000d5b00000)
  from space 512K, 96% used [0x00000000d5f80000,0x00000000d5ffc030,0x00000000d6000000)
  to   space 512K, 0% used [0x00000000d6000000,0x00000000d6000000,0x00000000d6080000)
 ParOldGen       total 1263104K, used 1263084K [0x0000000080000000, 0x00000000cd180000, 0x00000000d5580000)
  object space 1263104K, 99% used [0x0000000080000000,0x00000000cd17b040,0x00000000cd180000)
 Metaspace       used 88322K, committed 90112K, reserved 1179648K
  class space    used 10396K, committed 11200K, reserved 1048576K
}

